<?xml version="1.0" encoding="UTF-8"?>
<testsuite name="ListaItensTest" tests="1" skipped="0" failures="0" errors="0" timestamp="2022-08-26T17:58:25" hostname="DESKTOP-7O75UPS" time="0.046">
  <properties/>
  <testcase name="removerItemTest()" classname="ListaItensTest" time="0.046"/>
  <system-out><![CDATA[]]></system-out>
  <system-err><![CDATA[]]></system-err>
</testsuite>
